<?xml version="1.0" encoding="UTF-8"?>
<testng-results total="1" passed="1" failed="0" skipped="0">
  <reporter-output>
  </reporter-output>
  <suite started-at="2022-10-17T18:31:03Z" name="Default suite" finished-at="2022-10-17T18:31:35Z" duration-ms="32093">
    <groups>
    </groups>
    <test started-at="2022-10-17T18:31:03Z" name="Default test" finished-at="2022-10-17T18:31:35Z" duration-ms="32093">
      <class name="flipkart.SearchProductTest">
        <test-method is-config="true" signature="launchBrowser()[pri:0, instance:flipkart.SearchProductTest@68df9280]" started-at="2022-10-18T00:01:03Z" name="launchBrowser" finished-at="2022-10-18T00:01:06Z" duration-ms="3043" status="PASS">
          <reporter-output>
          </reporter-output>
        </test-method> <!-- launchBrowser -->
        <test-method is-config="true" signature="beforeMethodSetup()[pri:0, instance:flipkart.SearchProductTest@68df9280]" started-at="2022-10-18T00:01:06Z" name="beforeMethodSetup" finished-at="2022-10-18T00:01:30Z" duration-ms="23867" status="PASS">
          <reporter-output>
          </reporter-output>
        </test-method> <!-- beforeMethodSetup -->
        <test-method signature="searchProductTest()[pri:0, instance:flipkart.SearchProductTest@68df9280]" started-at="2022-10-18T00:01:30Z" name="searchProductTest" finished-at="2022-10-18T00:01:35Z" duration-ms="4828" status="PASS">
          <reporter-output>
          </reporter-output>
        </test-method> <!-- searchProductTest -->
        <test-method is-config="true" signature="afterMethodActivity()[pri:0, instance:flipkart.SearchProductTest@68df9280]" started-at="2022-10-18T00:01:35Z" name="afterMethodActivity" finished-at="2022-10-18T00:01:35Z" duration-ms="0" status="PASS">
          <reporter-output>
          </reporter-output>
        </test-method> <!-- afterMethodActivity -->
        <test-method is-config="true" signature="closeBrowser()[pri:0, instance:flipkart.SearchProductTest@68df9280]" started-at="2022-10-18T00:01:35Z" name="closeBrowser" finished-at="2022-10-18T00:01:35Z" duration-ms="335" status="PASS">
          <reporter-output>
          </reporter-output>
        </test-method> <!-- closeBrowser -->
      </class> <!-- flipkart.SearchProductTest -->
    </test> <!-- Default test -->
  </suite> <!-- Default suite -->
</testng-results>
